<?xml version="1.0" encoding="utf-8"?><testsuites name="pytest tests"><testsuite name="pytest" errors="0" failures="1" skipped="0" tests="12" time="1.194" timestamp="2026-08-30T05:02:05.569548+00:00" hostname="agent-env-77072c18-91fa-480c-960d-e5f5a7a20a68"><testcase classname="tests.test_print_and_categories.TestProductCategoriesFull" name="test_seed_has_all_9_categories" time="0.206" /><testcase classname="tests.test_print_and_categories.TestPrintTemplates" name="test_list_has_default_seeded" time="0.200" /><testcase classname="tests.test_print_and_categories.TestPrintTemplates" name="test_create_edit_delete_template" time="0.276" /><testcase classname="tests.test_print_and_categories.TestProductCategoriesFull" name="test_filter_by_subcategory_mini_pizza" time="0.047" /><testcase classname="tests.test_print_and_categories.TestProductCategoriesFull" name="test_create_product_with_mini_pizza" time="0.220" /><testcase classname="tests.test_print_and_categories.TestProductCategoriesFull" name="test_create_product_bebida" time="0.096" /><testcase classname="tests.test_print_and_categories.TestPrintTemplates" name="test_patch_nonexistent_returns_404" time="0.048" /><testcase classname="tests.test_print_and_categories.TestPrinters" name="test_list_has_default_seeded" time="0.087" /><testcase classname="tests.test_print_and_categories.TestReceipt" name="test_receipt_renders_placeholders" time="0.130"><failure message="AssertionError: Falha ao criar pedido: 400 {&quot;detail&quot;:&quot;Loja fechada agora. Agende sua entrega ou tente no próximo horário.&quot;}&#10;assert 400 == 200&#10; +  where 400 = &lt;Response [400]&gt;.status_code">backend/tests/test_print_and_categories.py:201: in test_receipt_renders_placeholders
    order = self._create_order(s)
            ^^^^^^^^^^^^^^^^^^^^^
backend/tests/test_print_and_categories.py:197: in _create_order
    assert r.status_code == 200, f"Falha ao criar pedido: {r.status_code} {r.text}"
E   AssertionError: Falha ao criar pedido: 400 {"detail":"Loja fechada agora. Agende sua entrega ou tente no próximo horário."}
E   assert 400 == 200
E    +  where 400 = &lt;Response [400]&gt;.status_code</failure></testcase><testcase classname="tests.test_print_and_categories.TestPrinters" name="test_create_default_unmarks_others" time="0.218" /><testcase classname="tests.test_print_and_categories.TestReceipt" name="test_receipt_nonexistent_order_404" time="0.048" /><testcase classname="tests.test_print_and_categories.TestPrinters" name="test_delete_nonexistent_returns_404" time="0.044" /></testsuite></testsuites>