<?xml version="1.0" encoding="utf-8"?><testsuites name="pytest tests"><testsuite name="pytest" errors="0" failures="0" skipped="0" tests="56" time="4.246" timestamp="2026-08-30T06:24:54.285068+00:00" hostname="agent-env-77072c18-91fa-480c-960d-e5f5a7a20a68"><testcase classname="tests.test_neia_backend.TestProducts" name="test_list_all_products_returns_six" time="0.165" /><testcase classname="tests.test_neia_backend.TestOrders" name="test_create_order_combo_valid_multiple_50" time="0.291" /><testcase classname="tests.test_neia_backend.TestProducts" name="test_filter_by_combo" time="0.062" /><testcase classname="tests.test_neia_backend.TestProducts" name="test_filter_by_frito" time="0.060" /><testcase classname="tests.test_neia_backend.TestProducts" name="test_filter_by_congelado" time="0.060" /><testcase classname="tests.test_neia_backend.TestOrders" name="test_create_order_combo_not_multiple_50_returns_400" time="0.043" /><testcase classname="tests.test_neia_backend.TestOrders" name="test_create_order_frito_not_multiple_50_returns_400" time="0.081" /><testcase classname="tests.test_neia_backend.TestOrders" name="test_create_order_congelado_min_1" time="0.086" /><testcase classname="tests.test_neia_backend.TestProducts" name="test_get_product_by_id" time="0.145" /><testcase classname="tests.test_neia_backend.TestProducts" name="test_get_product_404" time="0.097" /><testcase classname="tests.test_neia_backend.TestOrders" name="test_create_order_congelado_zero_returns_400" time="0.042" /><testcase classname="tests.test_neia_backend.TestOrders" name="test_coupon_neia10_applies_10_percent" time="0.087" /><testcase classname="tests.test_neia_backend.TestAdmin" name="test_admin_login_success" time="0.097" /><testcase classname="tests.test_neia_backend.TestOrders" name="test_coupon_invalid_returns_400" time="0.042" /><testcase classname="tests.test_neia_backend.TestOrders" name="test_get_order_404" time="0.084" /><testcase classname="tests.test_neia_backend.TestAdmin" name="test_admin_login_wrong_password_401" time="0.054" /><testcase classname="tests.test_neia_backend.TestAdmin" name="test_admin_list_orders" time="0.097" /><testcase classname="tests.test_neia_backend.TestOrders" name="test_list_orders_by_phone" time="0.060" /><testcase classname="tests.test_neia_backend.TestMotoboy" name="test_motoboy_login_success" time="0.043" /><testcase classname="tests.test_neia_backend.TestAdmin" name="test_admin_update_status" time="0.219" /><testcase classname="tests.test_neia_backend.TestMotoboy" name="test_motoboy_login_wrong_password_401" time="0.042" /><testcase classname="tests.test_neia_backend.TestMotoboy" name="test_motoboy_location_update" time="0.086" /><testcase classname="tests.test_neia_backend.TestMotoboy" name="test_motoboy_location_404" time="0.082" /><testcase classname="tests.test_neia_backend.TestAdmin" name="test_admin_assign_motoboy" time="0.210" /><testcase classname="tests.test_neia_backend.TestMotoboy" name="test_start_delivery_flow" time="0.342" /><testcase classname="tests.test_neia_backend.TestAdmin" name="test_admin_assign_bad_motoboy_404" time="0.118" /><testcase classname="tests.test_neia_backend.TestBebidasMinimum1" name="test_bebida_qty_1_creates_ok" time="0.110" /><testcase classname="tests.test_print_and_categories.TestProductCategoriesFull" name="test_seed_has_all_9_categories" time="0.096" /><testcase classname="tests.test_neia_backend.TestBebidasMinimum1" name="test_bebida_qty_3_creates_ok" time="0.107" /><testcase classname="tests.test_print_and_categories.TestProductCategoriesFull" name="test_filter_by_subcategory_mini_pizza" time="0.066" /><testcase classname="tests.test_print_and_categories.TestProductCategoriesFull" name="test_create_product_with_mini_pizza" time="0.261" /><testcase classname="tests.test_neia_backend.TestBebidasMinimum1" name="test_bebida_qty_zero_rejected" time="0.112" /><testcase classname="tests.test_neia_backend.TestPickup" name="test_pickup_no_delivery_fee" time="0.060" /><testcase classname="tests.test_neia_backend.TestPickup" name="test_delivery_default" time="0.083" /><testcase classname="tests.test_print_and_categories.TestProductCategoriesFull" name="test_create_product_bebida" time="0.126" /><testcase classname="tests.test_neia_backend.TestPickup" name="test_eta_min_populated" time="0.263" /><testcase classname="tests.test_print_and_categories.TestPrintTemplates" name="test_list_has_default_seeded" time="0.042" /><testcase classname="tests.test_print_and_categories.TestPrintTemplates" name="test_create_edit_delete_template" time="0.332" /><testcase classname="tests.test_print_and_categories.TestPrinters" name="test_list_has_default_seeded" time="0.100" /><testcase classname="tests.test_print_and_categories.TestPrinters" name="test_create_default_unmarks_others" time="0.220" /><testcase classname="tests.test_print_and_categories.TestPrintTemplates" name="test_patch_nonexistent_returns_404" time="0.043" /><testcase classname="tests.test_neia_backend.TestBebida" name="test_bebidas_have_unit_size_1" time="0.095" /><testcase classname="tests.test_print_and_categories.TestPrinters" name="test_delete_nonexistent_returns_404" time="0.073" /><testcase classname="tests.test_neia_backend.TestBebida" name="test_create_order_bebida_qty_1_ok" time="0.090" /><testcase classname="tests.test_neia_backend.TestAdminCoupons" name="test_create_and_list_coupon" time="0.476" /><testcase classname="tests.test_neia_backend.TestLoyaltyPoints" name="test_redeem_requires_multiples_of_100" time="0.047" /><testcase classname="tests.test_neia_backend.TestLoyaltyPoints" name="test_points_awarded_on_delivery_and_redeem" time="0.141" /><testcase classname="tests.test_neia_backend.TestScheduling" name="test_schedule_within_15_days_ok" time="0.046" /><testcase classname="tests.test_neia_backend.TestScheduling" name="test_schedule_beyond_15_days_rejected" time="0.087" /><testcase classname="tests.test_print_and_categories.TestReceipt" name="test_receipt_renders_placeholders" time="0.289" /><testcase classname="tests.test_neia_backend.TestAdminCoupons" name="test_first_order_only_blocks_second_use" time="0.342" /><testcase classname="tests.test_print_and_categories.TestReceipt" name="test_receipt_nonexistent_order_404" time="0.051" /><testcase classname="tests.test_neia_backend.TestMotoboyCRUD" name="test_create_edit_delete_motoboy" time="0.361" /><testcase classname="tests.test_neia_backend.TestLoyaltySettings" name="test_update_loyalty_settings" time="0.148" /><testcase classname="tests.test_neia_backend.TestLoyaltySettings" name="test_redeem_uses_tiers" time="0.432" /><testcase classname="tests.test_neia_backend.TestMotoboyFinancial" name="test_ranking_has_delivery_fees_and_totals" time="0.048" /></testsuite></testsuites>