<?xml version="1.0" encoding="utf-8"?><testsuites name="pytest tests"><testsuite name="pytest" errors="0" failures="0" skipped="0" tests="56" time="4.562" timestamp="2026-08-30T06:33:51.997359+00:00" hostname="agent-env-77072c18-91fa-480c-960d-e5f5a7a20a68"><testcase classname="tests.test_neia_backend.TestOrders" name="test_create_order_combo_valid_multiple_50" time="0.407" /><testcase classname="tests.test_neia_backend.TestProducts" name="test_list_all_products_returns_six" time="0.363" /><testcase classname="tests.test_neia_backend.TestProducts" name="test_filter_by_combo" time="0.044" /><testcase classname="tests.test_neia_backend.TestOrders" name="test_create_order_combo_not_multiple_50_returns_400" time="0.047" /><testcase classname="tests.test_neia_backend.TestProducts" name="test_filter_by_frito" time="0.048" /><testcase classname="tests.test_neia_backend.TestOrders" name="test_create_order_frito_not_multiple_50_returns_400" time="0.042" /><testcase classname="tests.test_neia_backend.TestProducts" name="test_filter_by_congelado" time="0.043" /><testcase classname="tests.test_neia_backend.TestOrders" name="test_create_order_congelado_min_1" time="0.047" /><testcase classname="tests.test_neia_backend.TestProducts" name="test_get_product_by_id" time="0.088" /><testcase classname="tests.test_neia_backend.TestOrders" name="test_create_order_congelado_zero_returns_400" time="0.043" /><testcase classname="tests.test_neia_backend.TestOrders" name="test_coupon_neia10_applies_10_percent" time="0.046" /><testcase classname="tests.test_neia_backend.TestProducts" name="test_get_product_404" time="0.044" /><testcase classname="tests.test_neia_backend.TestAdmin" name="test_admin_login_success" time="0.050" /><testcase classname="tests.test_neia_backend.TestOrders" name="test_coupon_invalid_returns_400" time="0.045" /><testcase classname="tests.test_neia_backend.TestOrders" name="test_get_order_404" time="0.044" /><testcase classname="tests.test_neia_backend.TestAdmin" name="test_admin_login_wrong_password_401" time="0.043" /><testcase classname="tests.test_neia_backend.TestOrders" name="test_list_orders_by_phone" time="0.054" /><testcase classname="tests.test_neia_backend.TestAdmin" name="test_admin_list_orders" time="0.071" /><testcase classname="tests.test_neia_backend.TestMotoboy" name="test_motoboy_login_success" time="0.044" /><testcase classname="tests.test_neia_backend.TestAdmin" name="test_admin_update_status" time="0.182" /><testcase classname="tests.test_neia_backend.TestMotoboy" name="test_motoboy_login_wrong_password_401" time="0.077" /><testcase classname="tests.test_neia_backend.TestMotoboy" name="test_motoboy_location_update" time="0.169" /><testcase classname="tests.test_neia_backend.TestAdmin" name="test_admin_assign_motoboy" time="0.133" /><testcase classname="tests.test_neia_backend.TestMotoboy" name="test_motoboy_location_404" time="0.044" /><testcase classname="tests.test_neia_backend.TestAdmin" name="test_admin_assign_bad_motoboy_404" time="0.090" /><testcase classname="tests.test_neia_backend.TestMotoboy" name="test_start_delivery_flow" time="0.226" /><testcase classname="tests.test_print_and_categories.TestProductCategoriesFull" name="test_seed_has_all_9_categories" time="0.145" /><testcase classname="tests.test_neia_backend.TestBebidasMinimum1" name="test_bebida_qty_1_creates_ok" time="0.131" /><testcase classname="tests.test_print_and_categories.TestProductCategoriesFull" name="test_filter_by_subcategory_mini_pizza" time="0.054" /><testcase classname="tests.test_print_and_categories.TestProductCategoriesFull" name="test_create_product_with_mini_pizza" time="0.210" /><testcase classname="tests.test_neia_backend.TestBebidasMinimum1" name="test_bebida_qty_3_creates_ok" time="0.086" /><testcase classname="tests.test_neia_backend.TestBebidasMinimum1" name="test_bebida_qty_zero_rejected" time="0.128" /><testcase classname="tests.test_print_and_categories.TestProductCategoriesFull" name="test_create_product_bebida" time="0.111" /><testcase classname="tests.test_print_and_categories.TestPrintTemplates" name="test_list_has_default_seeded" time="0.115" /><testcase classname="tests.test_print_and_categories.TestPrintTemplates" name="test_create_edit_delete_template" time="0.360" /><testcase classname="tests.test_neia_backend.TestPickup" name="test_pickup_no_delivery_fee" time="0.384" /><testcase classname="tests.test_neia_backend.TestPickup" name="test_delivery_default" time="0.047" /><testcase classname="tests.test_neia_backend.TestPickup" name="test_eta_min_populated" time="0.196" /><testcase classname="tests.test_print_and_categories.TestPrintTemplates" name="test_patch_nonexistent_returns_404" time="0.094" /><testcase classname="tests.test_print_and_categories.TestPrinters" name="test_list_has_default_seeded" time="0.045" /><testcase classname="tests.test_print_and_categories.TestPrinters" name="test_create_default_unmarks_others" time="0.269" /><testcase classname="tests.test_neia_backend.TestBebida" name="test_bebidas_have_unit_size_1" time="0.044" /><testcase classname="tests.test_neia_backend.TestBebida" name="test_create_order_bebida_qty_1_ok" time="0.116" /><testcase classname="tests.test_neia_backend.TestLoyaltyPoints" name="test_redeem_requires_multiples_of_100" time="0.049" /><testcase classname="tests.test_neia_backend.TestLoyaltyPoints" name="test_points_awarded_on_delivery_and_redeem" time="0.140" /><testcase classname="tests.test_print_and_categories.TestPrinters" name="test_delete_nonexistent_returns_404" time="0.045" /><testcase classname="tests.test_neia_backend.TestLoyaltySettings" name="test_update_loyalty_settings" time="0.205" /><testcase classname="tests.test_neia_backend.TestAdminCoupons" name="test_create_and_list_coupon" time="0.622" /><testcase classname="tests.test_neia_backend.TestLoyaltySettings" name="test_redeem_uses_tiers" time="0.378" /><testcase classname="tests.test_neia_backend.TestAdminCoupons" name="test_first_order_only_blocks_second_use" time="0.351" /><testcase classname="tests.test_print_and_categories.TestReceipt" name="test_receipt_renders_placeholders" time="0.261" /><testcase classname="tests.test_print_and_categories.TestReceipt" name="test_receipt_nonexistent_order_404" time="0.094" /><testcase classname="tests.test_neia_backend.TestScheduling" name="test_schedule_within_15_days_ok" time="0.051" /><testcase classname="tests.test_neia_backend.TestScheduling" name="test_schedule_beyond_15_days_rejected" time="0.042" /><testcase classname="tests.test_neia_backend.TestMotoboyCRUD" name="test_create_edit_delete_motoboy" time="0.548" /><testcase classname="tests.test_neia_backend.TestMotoboyFinancial" name="test_ranking_has_delivery_fees_and_totals" time="0.049" /></testsuite></testsuites>